dpkg: warning: parsing file '/var/lib/dpkg/status' near line 4 package 'dpkg':
 missing description
dpkg: warning: parsing file '/var/lib/dpkg/status' near line 4 package 'dpkg':
 missing maintainer
dpkg: warning: parsing file '/var/lib/dpkg/status' near line 4 package 'dpkg':
 missing architecture
Selecting previously unselected package base-files.
dpkg: regarding .../base-files_6.5ubuntu12+linaro13.02_armhf.deb containing base-files, pre-dependency problem:
 base-files pre-depends on awk
  awk is not installed.

dpkg: warning: ignoring pre-dependency problem!
(Reading database ... 0 files and directories currently installed.)
Unpacking base-files (from .../base-files_6.5ubuntu12+linaro13.02_armhf.deb) ...
Selecting previously unselected package base-passwd.
Unpacking base-passwd (from .../base-passwd_3.5.26_armhf.deb) ...
dpkg: base-passwd: dependency problems, but configuring anyway as you requested:
 base-passwd depends on libc6 (>= 2.15-0ubuntu8); however:
  Package libc6 is not installed.

Setting up base-passwd (3.5.26) ...
dpkg: base-files: dependency problems, but configuring anyway as you requested:
 base-files depends on awk; however:
  Package awk is not installed.

Setting up base-files (6.5ubuntu12+linaro13.02) ...
dpkg: warning: parsing file '/var/lib/dpkg/status' near line 54 package 'dpkg':
 missing description
dpkg: warning: parsing file '/var/lib/dpkg/status' near line 54 package 'dpkg':
 missing maintainer
dpkg: warning: parsing file '/var/lib/dpkg/status' near line 54 package 'dpkg':
 missing architecture
dpkg: regarding .../dpkg_1.16.7ubuntu6_armhf.deb containing dpkg, pre-dependency problem:
 dpkg pre-depends on libbz2-1.0
  libbz2-1.0 is not installed.

dpkg: warning: ignoring pre-dependency problem!
dpkg: regarding .../dpkg_1.16.7ubuntu6_armhf.deb containing dpkg, pre-dependency problem:
 dpkg pre-depends on libc6 (>= 2.15-0ubuntu8)

dpkg: warning: ignoring pre-dependency problem!
dpkg: regarding .../dpkg_1.16.7ubuntu6_armhf.deb containing dpkg, pre-dependency problem:
 dpkg pre-depends on libgcc1 (>= 1:4.4.0)

dpkg: warning: ignoring pre-dependency problem!
dpkg: regarding .../dpkg_1.16.7ubuntu6_armhf.deb containing dpkg, pre-dependency problem:
 dpkg pre-depends on liblzma5 (>= 5.1.1alpha+20120614)

dpkg: warning: ignoring pre-dependency problem!
dpkg: regarding .../dpkg_1.16.7ubuntu6_armhf.deb containing dpkg, pre-dependency problem:
 dpkg pre-depends on libselinux1 (>= 1.32)

dpkg: warning: ignoring pre-dependency problem!
dpkg: regarding .../dpkg_1.16.7ubuntu6_armhf.deb containing dpkg, pre-dependency problem:
 dpkg pre-depends on zlib1g (>= 1:1.1.4)

dpkg: warning: ignoring pre-dependency problem!
dpkg: regarding .../dpkg_1.16.7ubuntu6_armhf.deb containing dpkg, pre-dependency problem:
 dpkg pre-depends on tar (>= 1.23)

dpkg: warning: ignoring pre-dependency problem!
(Reading database ... 119 files and directories currently installed.)
Preparing to replace dpkg 1.16.7ubuntu6 (using .../dpkg_1.16.7ubuntu6_armhf.deb) ...
Unpacking replacement dpkg ...
dpkg: dpkg: dependency problems, but configuring anyway as you requested:
 dpkg depends on libbz2-1.0; however:
  Package libbz2-1.0 is not installed.
 dpkg depends on libc6 (>= 2.15-0ubuntu8); however:
  Package libc6 is not installed.
 dpkg depends on libgcc1 (>= 1:4.4.0); however:
  Package libgcc1 is not installed.
 dpkg depends on liblzma5 (>= 5.1.1alpha+20120614); however:
  Package liblzma5 is not installed.
 dpkg depends on libselinux1 (>= 1.32); however:
  Package libselinux1 is not installed.
 dpkg depends on zlib1g (>= 1:1.1.4); however:
  Package zlib1g is not installed.
 dpkg depends on tar (>= 1.23); however:
  Package tar is not installed.

Setting up dpkg (1.16.7ubuntu6) ...
Selecting previously unselected package libc6:armhf.
(Reading database ... 367 files and directories currently installed.)
Unpacking libc6:armhf (from .../libc6_2.15-0ubuntu20_armhf.deb) ...
dpkg: libc6:armhf: dependency problems, but configuring anyway as you requested:
 libc6:armhf depends on libc-bin (= 2.15-0ubuntu20); however:
  Package libc-bin is not installed.
 libc6:armhf depends on libgcc1; however:
  Package libgcc1 is not installed.
 libc6:armhf depends on tzdata; however:
  Package tzdata is not installed.

Setting up libc6:armhf (2.15-0ubuntu20) ...
Selecting previously unselected package perl-base.
dpkg: regarding .../perl-base_5.14.2-13_armhf.deb containing perl-base, pre-dependency problem:
 perl-base pre-depends on libgcc1 (>= 1:4.4.0)

dpkg: warning: ignoring pre-dependency problem!
(Reading database ... 682 files and directories currently installed.)
Unpacking perl-base (from .../perl-base_5.14.2-13_armhf.deb) ...
dpkg: perl-base: dependency problems, but configuring anyway as you requested:
 perl-base depends on libgcc1 (>= 1:4.4.0); however:
  Package libgcc1 is not installed.

Setting up perl-base (5.14.2-13) ...
Selecting previously unselected package mawk.
(Reading database ... 1752 files and directories currently installed.)
Unpacking mawk (from .../mawk_1.3.3-17_armhf.deb) ...
Setting up mawk (1.3.3-17) ...
Selecting previously unselected package debconf.
(Reading database ... 1770 files and directories currently installed.)
Unpacking debconf (from .../debconf_1.5.46ubuntu1_all.deb) ...
Setting up debconf (1.5.46ubuntu1) ...
Selecting previously unselected package adduser.
(Reading database ... 1950 files and directories currently installed.)
Unpacking adduser (from .../adduser_3.113+nmu1ubuntu1_all.deb) ...
Preparing to replace base-files 6.5ubuntu12+linaro13.02 (using .../base-files_6.5ubuntu12+linaro13.02_armhf.deb) ...
Unpacking replacement base-files ...
Preparing to replace base-passwd 3.5.26 (using .../base-passwd_3.5.26_armhf.deb) ...
Unpacking replacement base-passwd ...
Selecting previously unselected package bash.
dpkg: regarding .../bash_4.2-5ubuntu1_armhf.deb containing bash, pre-dependency problem:
 bash pre-depends on dash (>= 0.5.5.1-2.2)

dpkg: warning: ignoring pre-dependency problem!
dpkg: regarding .../bash_4.2-5ubuntu1_armhf.deb containing bash, pre-dependency problem:
 bash pre-depends on libgcc1 (>= 1:4.4.0)

dpkg: warning: ignoring pre-dependency problem!
dpkg: regarding .../bash_4.2-5ubuntu1_armhf.deb containing bash, pre-dependency problem:
 bash pre-depends on libtinfo5
  libtinfo5 is not installed.

dpkg: warning: ignoring pre-dependency problem!
Unpacking bash (from .../bash_4.2-5ubuntu1_armhf.deb) ...
Selecting previously unselected package bsdutils.
Unpacking bsdutils (from .../bsdutils_1%3a2.20.1-5.1ubuntu2_armhf.deb) ...
Selecting previously unselected package busybox-initramfs.
Unpacking busybox-initramfs (from .../busybox-initramfs_1%3a1.19.3-7ubuntu1_armhf.deb) ...
Selecting previously unselected package coreutils.
dpkg: regarding .../coreutils_8.13-3.2ubuntu2_armhf.deb containing coreutils, pre-dependency problem:
 coreutils pre-depends on libacl1 (>= 2.2.51-8)

dpkg: warning: ignoring pre-dependency problem!
dpkg: regarding .../coreutils_8.13-3.2ubuntu2_armhf.deb containing coreutils, pre-dependency problem:
 coreutils pre-depends on libattr1 (>= 1:2.4.46-8)

dpkg: warning: ignoring pre-dependency problem!
dpkg: regarding .../coreutils_8.13-3.2ubuntu2_armhf.deb containing coreutils, pre-dependency problem:
 coreutils pre-depends on libgcc1 (>= 1:4.4.0)

dpkg: warning: ignoring pre-dependency problem!
dpkg: regarding .../coreutils_8.13-3.2ubuntu2_armhf.deb containing coreutils, pre-dependency problem:
 coreutils pre-depends on libselinux1 (>= 1.32)

dpkg: warning: ignoring pre-dependency problem!
Unpacking coreutils (from .../coreutils_8.13-3.2ubuntu2_armhf.deb) ...
Selecting previously unselected package cpio.
Unpacking cpio (from .../cpio_2.11-8ubuntu3_armhf.deb) ...
Selecting previously unselected package dash.
Unpacking dash (from .../dash_0.5.7-3ubuntu1_armhf.deb) ...
Adding 'diversion of /bin/sh to /bin/sh.distrib by dash'
Adding 'diversion of /usr/share/man/man1/sh.1.gz to /usr/share/man/man1/sh.distrib.1.gz by dash'
Preparing to replace debconf 1.5.46ubuntu1 (using .../debconf_1.5.46ubuntu1_all.deb) ...
Unpacking replacement debconf ...
Selecting previously unselected package debianutils.
Unpacking debianutils (from .../debianutils_4.3.4_armhf.deb) ...
Selecting previously unselected package diffutils.
dpkg: regarding .../diffutils_1%3a3.2-6ubuntu1_armhf.deb containing diffutils, pre-dependency problem:
 diffutils pre-depends on libgcc1 (>= 1:4.4.0)

dpkg: warning: ignoring pre-dependency problem!
Unpacking diffutils (from .../diffutils_1%3a3.2-6ubuntu1_armhf.deb) ...
dpkg: regarding .../dpkg_1.16.7ubuntu6_armhf.deb containing dpkg, pre-dependency problem:
 dpkg pre-depends on libbz2-1.0
  libbz2-1.0 is not installed.

dpkg: warning: ignoring pre-dependency problem!
dpkg: regarding .../dpkg_1.16.7ubuntu6_armhf.deb containing dpkg, pre-dependency problem:
 dpkg pre-depends on libgcc1 (>= 1:4.4.0)

dpkg: warning: ignoring pre-dependency problem!
dpkg: regarding .../dpkg_1.16.7ubuntu6_armhf.deb containing dpkg, pre-dependency problem:
 dpkg pre-depends on liblzma5 (>= 5.1.1alpha+20120614)

dpkg: warning: ignoring pre-dependency problem!
dpkg: regarding .../dpkg_1.16.7ubuntu6_armhf.deb containing dpkg, pre-dependency problem:
 dpkg pre-depends on libselinux1 (>= 1.32)

dpkg: warning: ignoring pre-dependency problem!
dpkg: regarding .../dpkg_1.16.7ubuntu6_armhf.deb containing dpkg, pre-dependency problem:
 dpkg pre-depends on zlib1g (>= 1:1.1.4)

dpkg: warning: ignoring pre-dependency problem!
dpkg: regarding .../dpkg_1.16.7ubuntu6_armhf.deb containing dpkg, pre-dependency problem:
 dpkg pre-depends on tar (>= 1.23)

dpkg: warning: ignoring pre-dependency problem!
Preparing to replace dpkg 1.16.7ubuntu6 (using .../dpkg_1.16.7ubuntu6_armhf.deb) ...
Unpacking replacement dpkg ...
Selecting previously unselected package e2fslibs:armhf.
dpkg: regarding .../e2fslibs_1.42.5-1ubuntu2_armhf.deb containing e2fslibs:armhf, pre-dependency problem:
 e2fslibs pre-depends on multiarch-support
  multiarch-support is not installed.

dpkg: warning: ignoring pre-dependency problem!
Unpacking e2fslibs:armhf (from .../e2fslibs_1.42.5-1ubuntu2_armhf.deb) ...
Selecting previously unselected package e2fsprogs.
dpkg: regarding .../e2fsprogs_1.42.5-1ubuntu2_armhf.deb containing e2fsprogs, pre-dependency problem:
 e2fsprogs pre-depends on e2fslibs (= 1.42.5-1ubuntu2)
  e2fslibs:armhf is unpacked, but has never been configured.

dpkg: warning: ignoring pre-dependency problem!
dpkg: regarding .../e2fsprogs_1.42.5-1ubuntu2_armhf.deb containing e2fsprogs, pre-dependency problem:
 e2fsprogs pre-depends on libblkid1 (>= 2.17.2)

dpkg: warning: ignoring pre-dependency problem!
dpkg: regarding .../e2fsprogs_1.42.5-1ubuntu2_armhf.deb containing e2fsprogs, pre-dependency problem:
 e2fsprogs pre-depends on libcomerr2 (>= 1.42~WIP-2011-10-05-1)

dpkg: warning: ignoring pre-dependency problem!
dpkg: regarding .../e2fsprogs_1.42.5-1ubuntu2_armhf.deb containing e2fsprogs, pre-dependency problem:
 e2fsprogs pre-depends on libgcc1 (>= 1:4.4.0)

dpkg: warning: ignoring pre-dependency problem!
dpkg: regarding .../e2fsprogs_1.42.5-1ubuntu2_armhf.deb containing e2fsprogs, pre-dependency problem:
 e2fsprogs pre-depends on libss2 (>= 1.34-1)

dpkg: warning: ignoring pre-dependency problem!
dpkg: regarding .../e2fsprogs_1.42.5-1ubuntu2_armhf.deb containing e2fsprogs, pre-dependency problem:
 e2fsprogs pre-depends on libuuid1 (>= 2.16)

dpkg: warning: ignoring pre-dependency problem!
dpkg: regarding .../e2fsprogs_1.42.5-1ubuntu2_armhf.deb containing e2fsprogs, pre-dependency problem:
 e2fsprogs pre-depends on util-linux (>= 2.15~rc1-1)

dpkg: warning: ignoring pre-dependency problem!
Unpacking e2fsprogs (from .../e2fsprogs_1.42.5-1ubuntu2_armhf.deb) ...
Selecting previously unselected package findutils.
dpkg: regarding .../findutils_4.4.2-4ubuntu2_armhf.deb containing findutils, pre-dependency problem:
 findutils pre-depends on libgcc1 (>= 1:4.4.0)

dpkg: warning: ignoring pre-dependency problem!
Unpacking findutils (from .../findutils_4.4.2-4ubuntu2_armhf.deb) ...
Selecting previously unselected package gcc-4.7-base:armhf.
Unpacking gcc-4.7-base:armhf (from .../gcc-4.7-base_4.7.2-2ubuntu1_armhf.deb) ...
Selecting previously unselected package grep.
dpkg: regarding .../archives/grep_2.12-2_armhf.deb containing grep, pre-dependency problem:
 grep pre-depends on libgcc1 (>= 1:4.4.0)

dpkg: warning: ignoring pre-dependency problem!
Unpacking grep (from .../archives/grep_2.12-2_armhf.deb) ...
Selecting previously unselected package gzip.
dpkg: regarding .../gzip_1.5-1.1ubuntu1_armhf.deb containing gzip, pre-dependency problem:
 gzip pre-depends on libgcc1 (>= 1:4.4.0)

dpkg: warning: ignoring pre-dependency problem!
Unpacking gzip (from .../gzip_1.5-1.1ubuntu1_armhf.deb) ...
Selecting previously unselected package hostname.
dpkg: regarding .../hostname_3.11ubuntu1_armhf.deb containing hostname, pre-dependency problem:
 hostname pre-depends on upstart-job
  upstart-job is not installed.

dpkg: warning: ignoring pre-dependency problem!
Unpacking hostname (from .../hostname_3.11ubuntu1_armhf.deb) ...
Selecting previously unselected package ifupdown.
Unpacking ifupdown (from .../ifupdown_0.7.2ubuntu2_armhf.deb) ...
Selecting previously unselected package initramfs-tools.
Unpacking initramfs-tools (from .../initramfs-tools_0.103ubuntu0.2_all.deb) ...
Selecting previously unselected package initramfs-tools-bin.
Unpacking initramfs-tools-bin (from .../initramfs-tools-bin_0.103ubuntu0.2_armhf.deb) ...
Selecting previously unselected package initscripts.
Unpacking initscripts (from .../initscripts_2.88dsf-13.10ubuntu13_armhf.deb) ...
Selecting previously unselected package insserv.
Unpacking insserv (from .../insserv_1.14.0-4ubuntu1_armhf.deb) ...
Selecting previously unselected package iproute.
Unpacking iproute (from .../iproute_20120521-3ubuntu1_armhf.deb) ...
Selecting previously unselected package klibc-utils.
Unpacking klibc-utils (from .../klibc-utils_2.0.1-1ubuntu2_armhf.deb) ...
Selecting previously unselected package libacl1:armhf.
dpkg: regarding .../libacl1_2.2.51-8ubuntu2_armhf.deb containing libacl1:armhf, pre-dependency problem:
 libacl1 pre-depends on multiarch-support
  multiarch-support is not installed.

dpkg: warning: ignoring pre-dependency problem!
Unpacking libacl1:armhf (from .../libacl1_2.2.51-8ubuntu2_armhf.deb) ...
Selecting previously unselected package libattr1:armhf.
dpkg: regarding .../libattr1_1%3a2.4.46-8ubuntu1_armhf.deb containing libattr1:armhf, pre-dependency problem:
 libattr1 pre-depends on multiarch-support
  multiarch-support is not installed.

dpkg: warning: ignoring pre-dependency problem!
Unpacking libattr1:armhf (from .../libattr1_1%3a2.4.46-8ubuntu1_armhf.deb) ...
Selecting previously unselected package libblkid1:armhf.
dpkg: regarding .../libblkid1_2.20.1-5.1ubuntu2_armhf.deb containing libblkid1:armhf, pre-dependency problem:
 libblkid1 pre-depends on multiarch-support
  multiarch-support is not installed.

dpkg: warning: ignoring pre-dependency problem!
Unpacking libblkid1:armhf (from .../libblkid1_2.20.1-5.1ubuntu2_armhf.deb) ...
Selecting previously unselected package libbz2-1.0:armhf.
dpkg: regarding .../libbz2-1.0_1.0.6-4_armhf.deb containing libbz2-1.0:armhf, pre-dependency problem:
 libbz2-1.0 pre-depends on multiarch-support
  multiarch-support is not installed.

dpkg: warning: ignoring pre-dependency problem!
Unpacking libbz2-1.0:armhf (from .../libbz2-1.0_1.0.6-4_armhf.deb) ...
Selecting previously unselected package libc-bin.
Unpacking libc-bin (from .../libc-bin_2.15-0ubuntu20_armhf.deb) ...
Preparing to replace libc6:armhf 2.15-0ubuntu20 (using .../libc6_2.15-0ubuntu20_armhf.deb) ...
Unpacking replacement libc6:armhf ...
Selecting previously unselected package libcomerr2:armhf.
dpkg: regarding .../libcomerr2_1.42.5-1ubuntu2_armhf.deb containing libcomerr2:armhf, pre-dependency problem:
 libcomerr2 pre-depends on multiarch-support
  multiarch-support is not installed.

dpkg: warning: ignoring pre-dependency problem!
Unpacking libcomerr2:armhf (from .../libcomerr2_1.42.5-1ubuntu2_armhf.deb) ...
Selecting previously unselected package libdb5.1:armhf.
dpkg: regarding .../libdb5.1_5.1.29-5ubuntu2_armhf.deb containing libdb5.1:armhf, pre-dependency problem:
 libdb5.1 pre-depends on multiarch-support
  multiarch-support is not installed.

dpkg: warning: ignoring pre-dependency problem!
Unpacking libdb5.1:armhf (from .../libdb5.1_5.1.29-5ubuntu2_armhf.deb) ...
Selecting previously unselected package libdbus-1-3:armhf.
dpkg: regarding .../libdbus-1-3_1.6.4-1ubuntu4_armhf.deb containing libdbus-1-3:armhf, pre-dependency problem:
 libdbus-1-3 pre-depends on multiarch-support
  multiarch-support is not installed.

dpkg: warning: ignoring pre-dependency problem!
Unpacking libdbus-1-3:armhf (from .../libdbus-1-3_1.6.4-1ubuntu4_armhf.deb) ...
Selecting previously unselected package libdrm-nouveau1a:armhf.
dpkg: regarding .../libdrm-nouveau1a_2.4.39-0ubuntu1_armhf.deb containing libdrm-nouveau1a:armhf, pre-dependency problem:
 libdrm-nouveau1a pre-depends on multiarch-support
  multiarch-support is not installed.

dpkg: warning: ignoring pre-dependency problem!
Unpacking libdrm-nouveau1a:armhf (from .../libdrm-nouveau1a_2.4.39-0ubuntu1_armhf.deb) ...
Selecting previously unselected package libdrm-radeon1:armhf.
dpkg: regarding .../libdrm-radeon1_2.4.39-0ubuntu1_armhf.deb containing libdrm-radeon1:armhf, pre-dependency problem:
 libdrm-radeon1 pre-depends on multiarch-support
  multiarch-support is not installed.

dpkg: warning: ignoring pre-dependency problem!
Unpacking libdrm-radeon1:armhf (from .../libdrm-radeon1_2.4.39-0ubuntu1_armhf.deb) ...
Selecting previously unselected package libdrm2:armhf.
dpkg: regarding .../libdrm2_2.4.39-0ubuntu1_armhf.deb containing libdrm2:armhf, pre-dependency problem:
 libdrm2 pre-depends on multiarch-support
  multiarch-support is not installed.

dpkg: warning: ignoring pre-dependency problem!
Unpacking libdrm2:armhf (from .../libdrm2_2.4.39-0ubuntu1_armhf.deb) ...
Selecting previously unselected package libffi6:armhf.
dpkg: regarding .../libffi6_3.0.11-2_armhf.deb containing libffi6:armhf, pre-dependency problem:
 libffi6 pre-depends on multiarch-support
  multiarch-support is not installed.

dpkg: warning: ignoring pre-dependency problem!
Unpacking libffi6:armhf (from .../libffi6_3.0.11-2_armhf.deb) ...
Selecting previously unselected package libgcc1:armhf.
dpkg: regarding .../libgcc1_1%3a4.7.2-2ubuntu1_armhf.deb containing libgcc1:armhf, pre-dependency problem:
 libgcc1 pre-depends on multiarch-support
  multiarch-support is not installed.

dpkg: warning: ignoring pre-dependency problem!
Unpacking libgcc1:armhf (from .../libgcc1_1%3a4.7.2-2ubuntu1_armhf.deb) ...
Selecting previously unselected package libglib2.0-0:armhf.
dpkg: regarding .../libglib2.0-0_2.34.0-1ubuntu1_armhf.deb containing libglib2.0-0:armhf, pre-dependency problem:
 libglib2.0-0 pre-depends on multiarch-support
  multiarch-support is not installed.

dpkg: warning: ignoring pre-dependency problem!
Unpacking libglib2.0-0:armhf (from .../libglib2.0-0_2.34.0-1ubuntu1_armhf.deb) ...
Selecting previously unselected package libklibc.
Unpacking libklibc (from .../libklibc_2.0.1-1ubuntu2_armhf.deb) ...
Selecting previously unselected package libkms1:armhf.
dpkg: regarding .../libkms1_2.4.39-0ubuntu1_armhf.deb containing libkms1:armhf, pre-dependency problem:
 libkms1 pre-depends on multiarch-support
  multiarch-support is not installed.

dpkg: warning: ignoring pre-dependency problem!
Unpacking libkms1:armhf (from .../libkms1_2.4.39-0ubuntu1_armhf.deb) ...
Selecting previously unselected package liblocale-gettext-perl.
Unpacking liblocale-gettext-perl (from .../liblocale-gettext-perl_1.05-7build2_armhf.deb) ...
Selecting previously unselected package liblzma5:armhf.
dpkg: regarding .../liblzma5_5.1.1alpha+20120614-1_armhf.deb containing liblzma5:armhf, pre-dependency problem:
 liblzma5 pre-depends on multiarch-support
  multiarch-support is not installed.

dpkg: warning: ignoring pre-dependency problem!
Unpacking liblzma5:armhf (from .../liblzma5_5.1.1alpha+20120614-1_armhf.deb) ...
Selecting previously unselected package libmount1:armhf.
dpkg: regarding .../libmount1_2.20.1-5.1ubuntu2_armhf.deb containing libmount1:armhf, pre-dependency problem:
 libmount1 pre-depends on multiarch-support
  multiarch-support is not installed.

dpkg: warning: ignoring pre-dependency problem!
Unpacking libmount1:armhf (from .../libmount1_2.20.1-5.1ubuntu2_armhf.deb) ...
Selecting previously unselected package libncurses5:armhf.
dpkg: regarding .../libncurses5_5.9-10ubuntu1_armhf.deb containing libncurses5:armhf, pre-dependency problem:
 libncurses5 pre-depends on multiarch-support
  multiarch-support is not installed.

dpkg: warning: ignoring pre-dependency problem!
dpkg: regarding .../libncurses5_5.9-10ubuntu1_armhf.deb containing libncurses5:armhf, pre-dependency problem:
 libncurses5 pre-depends on libtinfo5 (>= 5.9-3)

dpkg: warning: ignoring pre-dependency problem!
Unpacking libncurses5:armhf (from .../libncurses5_5.9-10ubuntu1_armhf.deb) ...
Selecting previously unselected package libncursesw5:armhf.
dpkg: regarding .../libncursesw5_5.9-10ubuntu1_armhf.deb containing libncursesw5:armhf, pre-dependency problem:
 libncursesw5 pre-depends on multiarch-support
  multiarch-support is not installed.

dpkg: warning: ignoring pre-dependency problem!
Unpacking libncursesw5:armhf (from .../libncursesw5_5.9-10ubuntu1_armhf.deb) ...
Selecting previously unselected package libnih-dbus1:armhf.
dpkg: regarding .../libnih-dbus1_1.0.3-4ubuntu11_armhf.deb containing libnih-dbus1:armhf, pre-dependency problem:
 libnih-dbus1 pre-depends on multiarch-support
  multiarch-support is not installed.

dpkg: warning: ignoring pre-dependency problem!
Unpacking libnih-dbus1:armhf (from .../libnih-dbus1_1.0.3-4ubuntu11_armhf.deb) ...
Selecting previously unselected package libnih1:armhf.
dpkg: regarding .../libnih1_1.0.3-4ubuntu11_armhf.deb containing libnih1:armhf, pre-dependency problem:
 libnih1 pre-depends on multiarch-support
  multiarch-support is not installed.

dpkg: warning: ignoring pre-dependency problem!
Unpacking libnih1:armhf (from .../libnih1_1.0.3-4ubuntu11_armhf.deb) ...
Selecting previously unselected package libpam-modules:armhf.
dpkg: regarding .../libpam-modules_1.1.3-7ubuntu3_armhf.deb containing libpam-modules:armhf, pre-dependency problem:
 libpam-modules pre-depends on libdb5.1
  libdb5.1:armhf is unpacked, but has never been configured.

dpkg: warning: ignoring pre-dependency problem!
dpkg: regarding .../libpam-modules_1.1.3-7ubuntu3_armhf.deb containing libpam-modules:armhf, pre-dependency problem:
 libpam-modules pre-depends on libpam0g (>= 1.1.3-2)

dpkg: warning: ignoring pre-dependency problem!
dpkg: regarding .../libpam-modules_1.1.3-7ubuntu3_armhf.deb containing libpam-modules:armhf, pre-dependency problem:
 libpam-modules pre-depends on libselinux1 (>= 2.0.85)

dpkg: warning: ignoring pre-dependency problem!
dpkg: regarding .../libpam-modules_1.1.3-7ubuntu3_armhf.deb containing libpam-modules:armhf, pre-dependency problem:
 libpam-modules pre-depends on libpam-modules-bin (= 1.1.3-7ubuntu3)

dpkg: warning: ignoring pre-dependency problem!
Unpacking libpam-modules:armhf (from .../libpam-modules_1.1.3-7ubuntu3_armhf.deb) ...
Selecting previously unselected package libpam-modules-bin.
Unpacking libpam-modules-bin (from .../libpam-modules-bin_1.1.3-7ubuntu3_armhf.deb) ...
Selecting previously unselected package libpam-runtime.
Unpacking libpam-runtime (from .../libpam-runtime_1.1.3-7ubuntu3_all.deb) ...
Selecting previously unselected package libpam0g:armhf.
dpkg: regarding .../libpam0g_1.1.3-7ubuntu3_armhf.deb containing libpam0g:armhf, pre-dependency problem:
 libpam0g pre-depends on multiarch-support
  multiarch-support is not installed.

dpkg: warning: ignoring pre-dependency problem!
Unpacking libpam0g:armhf (from .../libpam0g_1.1.3-7ubuntu3_armhf.deb) ...
Selecting previously unselected package libpcre3:armhf.
dpkg: regarding .../libpcre3_1%3a8.30-5ubuntu1_armhf.deb containing libpcre3:armhf, pre-dependency problem:
 libpcre3 pre-depends on multiarch-support
  multiarch-support is not installed.

dpkg: warning: ignoring pre-dependency problem!
Unpacking libpcre3:armhf (from .../libpcre3_1%3a8.30-5ubuntu1_armhf.deb) ...
Selecting previously unselected package libplymouth2.
Unpacking libplymouth2 (from .../libplymouth2_0.8.4-0ubuntu3_armhf.deb) ...
Selecting previously unselected package libpng12-0:armhf.
dpkg: regarding .../libpng12-0_1.2.49-1ubuntu1_armhf.deb containing libpng12-0:armhf, pre-dependency problem:
 libpng12-0 pre-depends on multiarch-support
  multiarch-support is not installed.

dpkg: warning: ignoring pre-dependency problem!
Unpacking libpng12-0:armhf (from .../libpng12-0_1.2.49-1ubuntu1_armhf.deb) ...
Selecting previously unselected package libprocps0:armhf.
dpkg: regarding .../libprocps0_1%3a3.3.3-2ubuntu3_armhf.deb containing libprocps0:armhf, pre-dependency problem:
 libprocps0 pre-depends on multiarch-support
  multiarch-support is not installed.

dpkg: warning: ignoring pre-dependency problem!
Unpacking libprocps0:armhf (from .../libprocps0_1%3a3.3.3-2ubuntu3_armhf.deb) ...
Selecting previously unselected package libselinux1:armhf.
dpkg: regarding .../libselinux1_2.1.9-5ubuntu1_armhf.deb containing libselinux1:armhf, pre-dependency problem:
 libselinux1 pre-depends on multiarch-support
  multiarch-support is not installed.

dpkg: warning: ignoring pre-dependency problem!
Unpacking libselinux1:armhf (from .../libselinux1_2.1.9-5ubuntu1_armhf.deb) ...
Selecting previously unselected package libslang2:armhf.
dpkg: regarding .../libslang2_2.2.4-15ubuntu1_armhf.deb containing libslang2:armhf, pre-dependency problem:
 libslang2 pre-depends on multiarch-support
  multiarch-support is not installed.

dpkg: warning: ignoring pre-dependency problem!
Unpacking libslang2:armhf (from .../libslang2_2.2.4-15ubuntu1_armhf.deb) ...
Selecting previously unselected package libss2:armhf.
dpkg: regarding .../libss2_1.42.5-1ubuntu2_armhf.deb containing libss2:armhf, pre-dependency problem:
 libss2 pre-depends on multiarch-support
  multiarch-support is not installed.

dpkg: warning: ignoring pre-dependency problem!
Unpacking libss2:armhf (from .../libss2_1.42.5-1ubuntu2_armhf.deb) ...
Selecting previously unselected package libtext-charwidth-perl.
Unpacking libtext-charwidth-perl (from .../libtext-charwidth-perl_0.04-7build2_armhf.deb) ...
Selecting previously unselected package libtext-iconv-perl.
Unpacking libtext-iconv-perl (from .../libtext-iconv-perl_1.7-5build1_armhf.deb) ...
Selecting previously unselected package libtext-wrapi18n-perl.
Unpacking libtext-wrapi18n-perl (from .../libtext-wrapi18n-perl_0.06-7_all.deb) ...
Selecting previously unselected package libtinfo5:armhf.
dpkg: regarding .../libtinfo5_5.9-10ubuntu1_armhf.deb containing libtinfo5:armhf, pre-dependency problem:
 libtinfo5 pre-depends on multiarch-support
  multiarch-support is not installed.

dpkg: warning: ignoring pre-dependency problem!
Unpacking libtinfo5:armhf (from .../libtinfo5_5.9-10ubuntu1_armhf.deb) ...
Selecting previously unselected package libudev0:armhf.
dpkg: regarding .../libudev0_175-0ubuntu13_armhf.deb containing libudev0:armhf, pre-dependency problem:
 libudev0 pre-depends on multiarch-support
  multiarch-support is not installed.

dpkg: warning: ignoring pre-dependency problem!
Unpacking libudev0:armhf (from .../libudev0_175-0ubuntu13_armhf.deb) ...
Selecting previously unselected package libuuid1:armhf.
dpkg: regarding .../libuuid1_2.20.1-5.1ubuntu2_armhf.deb containing libuuid1:armhf, pre-dependency problem:
 libuuid1 pre-depends on multiarch-support
  multiarch-support is not installed.

dpkg: warning: ignoring pre-dependency problem!
Unpacking libuuid1:armhf (from .../libuuid1_2.20.1-5.1ubuntu2_armhf.deb) ...
Selecting previously unselected package login.
dpkg: regarding .../login_1%3a4.1.4.2+svn3283-3ubuntu7_armhf.deb containing login, pre-dependency problem:
 login pre-depends on libgcc1 (>= 1:4.4.0)
  libgcc1:armhf is unpacked, but has never been configured.

dpkg: warning: ignoring pre-dependency problem!
dpkg: regarding .../login_1%3a4.1.4.2+svn3283-3ubuntu7_armhf.deb containing login, pre-dependency problem:
 login pre-depends on libpam0g (>= 0.99.7.1)
  libpam0g:armhf is unpacked, but has never been configured.

dpkg: warning: ignoring pre-dependency problem!
dpkg: regarding .../login_1%3a4.1.4.2+svn3283-3ubuntu7_armhf.deb containing login, pre-dependency problem:
 login pre-depends on libpam-runtime
  libpam-runtime is unpacked, but has never been configured.

dpkg: warning: ignoring pre-dependency problem!
dpkg: regarding .../login_1%3a4.1.4.2+svn3283-3ubuntu7_armhf.deb containing login, pre-dependency problem:
 login pre-depends on libpam-modules
  libpam-modules:armhf is unpacked, but has never been configured.

dpkg: warning: ignoring pre-dependency problem!
Unpacking login (from .../login_1%3a4.1.4.2+svn3283-3ubuntu7_armhf.deb) ...
Selecting previously unselected package lsb-base.
Unpacking lsb-base (from .../lsb-base_4.0-0ubuntu26_all.deb) ...
Selecting previously unselected package makedev.
Unpacking makedev (from .../makedev_2.3.1-91ubuntu2_all.deb) ...
Preparing to replace mawk 1.3.3-17 (using .../mawk_1.3.3-17_armhf.deb) ...
Unpacking replacement mawk ...
Selecting previously unselected package module-init-tools.
Unpacking module-init-tools (from .../module-init-tools_3.16-1ubuntu6_armhf.deb) ...
Selecting previously unselected package mount.
dpkg: regarding .../mount_2.20.1-5.1ubuntu2_armhf.deb containing mount, pre-dependency problem:
 mount pre-depends on libblkid1 (>= 2.20.1)
  libblkid1:armhf is unpacked, but has never been configured.

dpkg: warning: ignoring pre-dependency problem!
dpkg: regarding .../mount_2.20.1-5.1ubuntu2_armhf.deb containing mount, pre-dependency problem:
 mount pre-depends on libgcc1 (>= 1:4.4.0)
  libgcc1:armhf is unpacked, but has never been configured.

dpkg: warning: ignoring pre-dependency problem!
dpkg: regarding .../mount_2.20.1-5.1ubuntu2_armhf.deb containing mount, pre-dependency problem:
 mount pre-depends on libmount1 (>= 2.20.1)
  libmount1:armhf is unpacked, but has never been configured.

dpkg: warning: ignoring pre-dependency problem!
dpkg: regarding .../mount_2.20.1-5.1ubuntu2_armhf.deb containing mount, pre-dependency problem:
 mount pre-depends on libselinux1 (>= 2.0.15)
  libselinux1:armhf is unpacked, but has never been configured.

dpkg: warning: ignoring pre-dependency problem!
Unpacking mount (from .../mount_2.20.1-5.1ubuntu2_armhf.deb) ...
Selecting previously unselected package mountall.
Unpacking mountall (from .../mountall_2.42_armhf.deb) ...
Selecting previously unselected package multiarch-support.
Unpacking multiarch-support (from .../multiarch-support_2.15-0ubuntu20_armhf.deb) ...
Selecting previously unselected package ncurses-base.
Unpacking ncurses-base (from .../ncurses-base_5.9-10ubuntu1_all.deb) ...
Selecting previously unselected package ncurses-bin.
dpkg: regarding .../ncurses-bin_5.9-10ubuntu1_armhf.deb containing ncurses-bin, pre-dependency problem:
 ncurses-bin pre-depends on libtinfo5 (>= 5.9-3~)
  libtinfo5:armhf is unpacked, but has never been configured.

dpkg: warning: ignoring pre-dependency problem!
Unpacking ncurses-bin (from .../ncurses-bin_5.9-10ubuntu1_armhf.deb) ...
Selecting previously unselected package passwd.
Unpacking passwd (from .../passwd_1%3a4.1.4.2+svn3283-3ubuntu7_armhf.deb) ...
dpkg: regarding .../perl-base_5.14.2-13_armhf.deb containing perl-base, pre-dependency problem:
 perl-base pre-depends on libgcc1 (>= 1:4.4.0)
  libgcc1:armhf is unpacked, but has never been configured.

dpkg: warning: ignoring pre-dependency problem!
Preparing to replace perl-base 5.14.2-13 (using .../perl-base_5.14.2-13_armhf.deb) ...
Unpacking replacement perl-base ...
Selecting previously unselected package plymouth.
Unpacking plymouth (from .../plymouth_0.8.4-0ubuntu3_armhf.deb) ...
Selecting previously unselected package procps.
Unpacking procps (from .../procps_1%3a3.3.3-2ubuntu3_armhf.deb) ...
Selecting previously unselected package python-minimal.
Unpacking python-minimal (from .../python-minimal_2.7.3-0ubuntu7_armhf.deb) ...
Selecting previously unselected package python2.7-minimal.
Unpacking python2.7-minimal (from .../python2.7-minimal_2.7.3-5ubuntu4_armhf.deb) ...
Selecting previously unselected package sed.
dpkg: regarding .../sed_4.2.1-10ubuntu1_armhf.deb containing sed, pre-dependency problem:
 sed pre-depends on libselinux1 (>= 1.32)
  libselinux1:armhf is unpacked, but has never been configured.

dpkg: warning: ignoring pre-dependency problem!
Unpacking sed (from .../sed_4.2.1-10ubuntu1_armhf.deb) ...
Selecting previously unselected package sensible-utils.
Unpacking sensible-utils (from .../sensible-utils_0.0.7ubuntu1_all.deb) ...
Selecting previously unselected package sysv-rc.
Unpacking sysv-rc (from .../sysv-rc_2.88dsf-13.10ubuntu13_all.deb) ...
Selecting previously unselected package sysvinit-utils.
Unpacking sysvinit-utils (from .../sysvinit-utils_2.88dsf-13.10ubuntu13_armhf.deb) ...
Selecting previously unselected package tar.
dpkg: regarding .../tar_1.26-4ubuntu1_armhf.deb containing tar, pre-dependency problem:
 tar pre-depends on libgcc1 (>= 1:4.4.0)
  libgcc1:armhf is unpacked, but has never been configured.

dpkg: warning: ignoring pre-dependency problem!
Unpacking tar (from .../tar_1.26-4ubuntu1_armhf.deb) ...
Selecting previously unselected package tzdata.
Unpacking tzdata (from .../tzdata_2012e-0ubuntu2_all.deb) ...
Selecting previously unselected package udev.
Unpacking udev (from .../udev_175-0ubuntu13_armhf.deb) ...
Adding 'diversion of /sbin/udevadm to /sbin/udevadm.upgrade by fake-udev'
Selecting previously unselected package upstart.
Unpacking upstart (from .../upstart_1.5-0ubuntu9_armhf.deb) ...
Selecting previously unselected package ureadahead.
Unpacking ureadahead (from .../ureadahead_0.100.0-12build1_armhf.deb) ...
Selecting previously unselected package util-linux.
dpkg: regarding .../util-linux_2.20.1-5.1ubuntu2_armhf.deb containing util-linux, pre-dependency problem:
 util-linux pre-depends on libblkid1 (>= 2.20.1)
  libblkid1:armhf is unpacked, but has never been configured.

dpkg: warning: ignoring pre-dependency problem!
dpkg: regarding .../util-linux_2.20.1-5.1ubuntu2_armhf.deb containing util-linux, pre-dependency problem:
 util-linux pre-depends on libgcc1 (>= 1:4.4.0)
  libgcc1:armhf is unpacked, but has never been configured.

dpkg: warning: ignoring pre-dependency problem!
dpkg: regarding .../util-linux_2.20.1-5.1ubuntu2_armhf.deb containing util-linux, pre-dependency problem:
 util-linux pre-depends on libncurses5 (>= 5.5-5~)
  libncurses5:armhf is unpacked, but has never been configured.

dpkg: warning: ignoring pre-dependency problem!
dpkg: regarding .../util-linux_2.20.1-5.1ubuntu2_armhf.deb containing util-linux, pre-dependency problem:
 util-linux pre-depends on libselinux1 (>= 1.32)
  libselinux1:armhf is unpacked, but has never been configured.

dpkg: warning: ignoring pre-dependency problem!
dpkg: regarding .../util-linux_2.20.1-5.1ubuntu2_armhf.deb containing util-linux, pre-dependency problem:
 util-linux pre-depends on libslang2 (>= 2.2.4)
  libslang2:armhf is unpacked, but has never been configured.

dpkg: warning: ignoring pre-dependency problem!
dpkg: regarding .../util-linux_2.20.1-5.1ubuntu2_armhf.deb containing util-linux, pre-dependency problem:
 util-linux pre-depends on libtinfo5
  libtinfo5:armhf is unpacked, but has never been configured.

dpkg: warning: ignoring pre-dependency problem!
dpkg: regarding .../util-linux_2.20.1-5.1ubuntu2_armhf.deb containing util-linux, pre-dependency problem:
 util-linux pre-depends on libuuid1 (>= 2.16)
  libuuid1:armhf is unpacked, but has never been configured.

dpkg: warning: ignoring pre-dependency problem!
dpkg: regarding .../util-linux_2.20.1-5.1ubuntu2_armhf.deb containing util-linux, pre-dependency problem:
 util-linux pre-depends on zlib1g (>= 1:1.1.4)

dpkg: warning: ignoring pre-dependency problem!
Unpacking util-linux (from .../util-linux_2.20.1-5.1ubuntu2_armhf.deb) ...
Selecting previously unselected package xz-utils.
Unpacking xz-utils (from .../xz-utils_5.1.1alpha+20120614-1_armhf.deb) ...
Selecting previously unselected package zlib1g:armhf.
dpkg: regarding .../zlib1g_1%3a1.2.7.dfsg-13_armhf.deb containing zlib1g:armhf, pre-dependency problem:
 zlib1g pre-depends on multiarch-support
  multiarch-support is unpacked, but has never been configured.

dpkg: warning: ignoring pre-dependency problem!
Unpacking zlib1g:armhf (from .../zlib1g_1%3a1.2.7.dfsg-13_armhf.deb) ...
Setting up ncurses-base (5.9-10ubuntu1) ...
Setting up sensible-utils (0.0.7ubuntu1) ...
Setting up libklibc (2.0.1-1ubuntu2) ...
Setting up klibc-utils (2.0.1-1ubuntu2) ...
Setting up gcc-4.7-base:armhf (4.7.2-2ubuntu1) ...
Setting up libc-bin (2.15-0ubuntu20) ...
Setting up perl-base (5.14.2-13) ...
Setting up debconf (1.5.46ubuntu1) ...
Setting up tzdata (2012e-0ubuntu2) ...

Current default time zone: 'Etc/UTC'
Local time is now:      Mon Apr 22 06:44:51 UTC 2013.
Universal Time is now:  Mon Apr 22 06:44:51 UTC 2013.
Run 'dpkg-reconfigure tzdata' if you wish to change it.

Setting up libc6:armhf (2.15-0ubuntu20) ...
Setting up libtext-charwidth-perl (0.04-7build2) ...
Setting up libtext-wrapi18n-perl (0.06-7) ...
Setting up debianutils (4.3.4) ...
Setting up libtext-iconv-perl (1.7-5build1) ...
Setting up base-passwd (3.5.26) ...
Setting up mawk (1.3.3-17) ...
Setting up insserv (1.14.0-4ubuntu1) ...
Setting up liblocale-gettext-perl (1.05-7build2) ...
Setting up busybox-initramfs (1:1.19.3-7ubuntu1) ...
Setting up multiarch-support (2.15-0ubuntu20) ...
Setting up libselinux1:armhf (2.1.9-5ubuntu1) ...
Setting up makedev (2.3.1-91ubuntu2) ...
Setting up libdbus-1-3:armhf (1.6.4-1ubuntu4) ...
Setting up libpam0g:armhf (1.1.3-7ubuntu3) ...
Setting up libprocps0:armhf (1:3.3.3-2ubuntu3) ...
Setting up libdrm2:armhf (2.4.39-0ubuntu1) ...
Setting up libdrm-nouveau1a:armhf (2.4.39-0ubuntu1) ...
Setting up libdrm-radeon1:armhf (2.4.39-0ubuntu1) ...
Setting up libgcc1:armhf (1:4.7.2-2ubuntu1) ...
Setting up base-files (6.5ubuntu12+linaro13.02) ...
Setting up libattr1:armhf (1:2.4.46-8ubuntu1) ...
Setting up e2fslibs:armhf (1.42.5-1ubuntu2) ...
Setting up libcomerr2:armhf (1.42.5-1ubuntu2) ...
Setting up libacl1:armhf (2.2.51-8ubuntu2) ...
Setting up libslang2:armhf (2.2.4-15ubuntu1) ...
Setting up libss2:armhf (1.42.5-1ubuntu2) ...
Setting up libpam-modules-bin (1.1.3-7ubuntu3) ...
Setting up liblzma5:armhf (5.1.1alpha+20120614-1) ...
Setting up libnih1:armhf (1.0.3-4ubuntu11) ...
Setting up libdb5.1:armhf (5.1.29-5ubuntu2) ...
Setting up libpcre3:armhf (1:8.30-5ubuntu1) ...
Setting up libkms1:armhf (2.4.39-0ubuntu1) ...
Setting up libbz2-1.0:armhf (1.0.6-4) ...
Setting up libtinfo5:armhf (5.9-10ubuntu1) ...
Setting up sysvinit-utils (2.88dsf-13.10ubuntu13) ...
Setting up libnih-dbus1:armhf (1.0.3-4ubuntu11) ...
Setting up libffi6:armhf (3.0.11-2) ...
Setting up bsdutils (1:2.20.1-5.1ubuntu2) ...
Setting up ncurses-bin (5.9-10ubuntu1) ...
Setting up sysv-rc (2.88dsf-13.10ubuntu13) ...
Setting up libpam-modules:armhf (1.1.3-7ubuntu3) ...
Setting up libudev0:armhf (175-0ubuntu13) ...
Setting up tar (1.26-4ubuntu1) ...
update-alternatives: using /usr/sbin/rmt-tar to provide /usr/sbin/rmt (rmt) in auto mode
Setting up zlib1g:armhf (1:1.2.7.dfsg-13) ...
Setting up libncurses5:armhf (5.9-10ubuntu1) ...
Setting up iproute (20120521-3ubuntu1) ...
Setting up initramfs-tools-bin (0.103ubuntu0.2) ...
Setting up python2.7-minimal (2.7.3-5ubuntu4) ...
Setting up libpam-runtime (1.1.3-7ubuntu3) ...
Setting up xz-utils (5.1.1alpha+20120614-1) ...
update-alternatives: using /usr/bin/xz to provide /usr/bin/lzma (lzma) in auto mode
Setting up dpkg (1.16.7ubuntu6) ...
Setting up libncursesw5:armhf (5.9-10ubuntu1) ...
Setting up libpng12-0:armhf (1.2.49-1ubuntu1) ...
Setting up cpio (2.11-8ubuntu3) ...
update-alternatives: using /bin/mt-gnu to provide /bin/mt (mt) in auto mode
Setting up libglib2.0-0:armhf (2.34.0-1ubuntu1) ...
No schema files found: doing nothing.
Setting up dash (0.5.7-3ubuntu1) ...
Setting up coreutils (8.13-3.2ubuntu2) ...
Setting up login (1:4.1.4.2+svn3283-3ubuntu7) ...
Setting up python-minimal (2.7.3-0ubuntu7) ...
Setting up diffutils (1:3.2-6ubuntu1) ...
Setting up libplymouth2 (0.8.4-0ubuntu3) ...
Setting up sed (4.2.1-10ubuntu1) ...
Setting up grep (2.12-2) ...
Setting up findutils (4.4.2-4ubuntu2) ...
Setting up gzip (1.5-1.1ubuntu1) ...
Setting up bash (4.2-5ubuntu1) ...
update-alternatives: using /usr/share/man/man7/bash-builtins.7.gz to provide /usr/share/man/man7/builtins.7.gz (builtins.7.gz) in auto mode
Setting up lsb-base (4.0-0ubuntu26) ...
Setting up mountall (2.42) ...
Setting up upstart (1.5-0ubuntu9) ...
Setting up passwd (1:4.1.4.2+svn3283-3ubuntu7) ...
Shadow passwords are now on.
Setting up hostname (3.11ubuntu1) ...
Setting up initscripts (2.88dsf-13.10ubuntu13) ...
guest environment detected: Linking /dev/shm to /run/shm
Setting up module-init-tools (3.16-1ubuntu6) ...
Setting up libuuid1:armhf (2.20.1-5.1ubuntu2) ...
Setting up procps (1:3.3.3-2ubuntu3) ...
update-alternatives: using /usr/bin/w.procps to provide /usr/bin/w (w) in auto mode
dpkg: warning: version '
initctl' has bad syntax: version number does not start with digit
Setting up ifupdown (0.7.2ubuntu2) ...
Creating /etc/network/interfaces.
Setting up adduser (3.113+nmu1ubuntu1) ...
Setting up libblkid1:armhf (2.20.1-5.1ubuntu2) ...
Setting up util-linux (2.20.1-5.1ubuntu2) ...
update-alternatives: using /bin/more to provide /usr/bin/pager (pager) in auto mode
Setting up libmount1:armhf (2.20.1-5.1ubuntu2) ...
Setting up mount (2.20.1-5.1ubuntu2) ...
Setting up ureadahead (0.100.0-12build1) ...
Setting up e2fsprogs (1.42.5-1ubuntu2) ...
Setting up udev (175-0ubuntu13) ...
dpkg: warning: version '
initctl' has bad syntax: version number does not start with digit
Removing 'diversion of /sbin/udevadm to /sbin/udevadm.upgrade by fake-udev'
update-initramfs: deferring update (trigger activated)
Setting up initramfs-tools (0.103ubuntu0.2) ...
update-initramfs: deferring update (trigger activated)
Setting up plymouth (0.8.4-0ubuntu3) ...
update-initramfs: deferring update (trigger activated)
Processing triggers for libc-bin ...
ldconfig deferred processing now taking place
Processing triggers for initramfs-tools ...
dpkg: warning: package not in database at line 97: apt
dpkg: warning: package not in database at line 97: apt-utils
dpkg: warning: package not in database at line 97: bsdmainutils
dpkg: warning: package not in database at line 97: cron
dpkg: warning: package not in database at line 97: debconf-i18n
dpkg: warning: package not in database at line 97: gnupg
dpkg: warning: package not in database at line 97: gpgv
dpkg: warning: package not in database at line 97: groff-base
dpkg: warning: package not in database at line 97: info
dpkg: warning: package not in database at line 97: install-info
dpkg: warning: package not in database at line 97: iptables
dpkg: warning: package not in database at line 97: iputils-ping
dpkg: warning: package not in database at line 97: isc-dhcp-client
dpkg: warning: package not in database at line 97: isc-dhcp-common
dpkg: warning: package not in database at line 97: libapt-inst1.5
dpkg: warning: package not in database at line 97: libapt-pkg4.12
dpkg: warning: package not in database at line 97: libept1.4.12
dpkg: warning: package not in database at line 97: libexpat1
dpkg: warning: package not in database at line 97: libgdbm3
dpkg: warning: package not in database at line 97: libgudev-1.0-0
dpkg: warning: package not in database at line 97: libidn11
dpkg: warning: package not in database at line 97: libnewt0.52
dpkg: warning: package not in database at line 97: libnfnetlink0
dpkg: warning: package not in database at line 97: libpipeline1
dpkg: warning: package not in database at line 97: libpopt0
dpkg: warning: package not in database at line 97: libreadline6
dpkg: warning: package not in database at line 97: libsqlite3-0
dpkg: warning: package not in database at line 97: libssl1.0.0
dpkg: warning: package not in database at line 97: libstdc++6
dpkg: warning: package not in database at line 97: libsysfs2
dpkg: warning: package not in database at line 97: libusb-0.1-4
dpkg: warning: package not in database at line 97: libxapian22
dpkg: warning: package not in database at line 97: locales
dpkg: warning: package not in database at line 97: logrotate
dpkg: warning: package not in database at line 97: man-db
dpkg: warning: package not in database at line 97: manpages
dpkg: warning: package not in database at line 97: mime-support
dpkg: warning: package not in database at line 97: nano
dpkg: warning: package not in database at line 97: net-tools
dpkg: warning: package not in database at line 97: netbase
dpkg: warning: package not in database at line 97: python
dpkg: warning: package not in database at line 97: python2.7
dpkg: warning: package not in database at line 97: readline-common
dpkg: warning: package not in database at line 97: rsyslog
dpkg: warning: package not in database at line 97: ubuntu-extras-keyring
dpkg: warning: package not in database at line 97: ubuntu-keyring
dpkg: warning: package not in database at line 97: ucf
dpkg: warning: package not in database at line 97: vim-common
dpkg: warning: package not in database at line 97: vim-tiny
dpkg: warning: package not in database at line 97: wget
dpkg: warning: package not in database at line 97: whiptail
Selecting previously unselected package apt.
(Reading database ... 6742 files and directories currently installed.)
Unpacking apt (from .../apt_0.9.7.5ubuntu5_armhf.deb) ...
Selecting previously unselected package apt-utils.
Unpacking apt-utils (from .../apt-utils_0.9.7.5ubuntu5_armhf.deb) ...
Selecting previously unselected package bsdmainutils.
Unpacking bsdmainutils (from .../bsdmainutils_9.0.3ubuntu1_armhf.deb) ...
Selecting previously unselected package cron.
Unpacking cron (from .../cron_3.0pl1-121ubuntu1_armhf.deb) ...
Selecting previously unselected package debconf-i18n.
Unpacking debconf-i18n (from .../debconf-i18n_1.5.46ubuntu1_all.deb) ...
Selecting previously unselected package gnupg.
Unpacking gnupg (from .../gnupg_1.4.11-3ubuntu4_armhf.deb) ...
Selecting previously unselected package gpgv.
Unpacking gpgv (from .../gpgv_1.4.11-3ubuntu4_armhf.deb) ...
Selecting previously unselected package groff-base.
Unpacking groff-base (from .../groff-base_1.21-9_armhf.deb) ...
Selecting previously unselected package info.
Unpacking info (from .../info_4.13a.dfsg.1-10ubuntu2_armhf.deb) ...
Selecting previously unselected package install-info.
Unpacking install-info (from .../install-info_4.13a.dfsg.1-10ubuntu2_armhf.deb) ...
Selecting previously unselected package iptables.
Unpacking iptables (from .../iptables_1.4.12-2ubuntu2_armhf.deb) ...
Selecting previously unselected package iputils-ping.
Unpacking iputils-ping (from .../iputils-ping_3%3a20101006-3ubuntu1_armhf.deb) ...
Selecting previously unselected package isc-dhcp-client.
Unpacking isc-dhcp-client (from .../isc-dhcp-client_4.2.4-1ubuntu10_armhf.deb) ...
Selecting previously unselected package isc-dhcp-common.
Unpacking isc-dhcp-common (from .../isc-dhcp-common_4.2.4-1ubuntu10_armhf.deb) ...
Selecting previously unselected package libapt-inst1.5:armhf.
Unpacking libapt-inst1.5:armhf (from .../libapt-inst1.5_0.9.7.5ubuntu5_armhf.deb) ...
Selecting previously unselected package libapt-pkg4.12:armhf.
Unpacking libapt-pkg4.12:armhf (from .../libapt-pkg4.12_0.9.7.5ubuntu5_armhf.deb) ...
Selecting previously unselected package libept1.4.12.
Unpacking libept1.4.12 (from .../libept1.4.12_1.0.9_armhf.deb) ...
Selecting previously unselected package libexpat1:armhf.
Unpacking libexpat1:armhf (from .../libexpat1_2.1.0-1ubuntu1_armhf.deb) ...
Selecting previously unselected package libgdbm3:armhf.
Unpacking libgdbm3:armhf (from .../libgdbm3_1.8.3-11_armhf.deb) ...
Selecting previously unselected package libgudev-1.0-0:armhf.
Unpacking libgudev-1.0-0:armhf (from .../libgudev-1.0-0_1%3a175-0ubuntu13_armhf.deb) ...
Selecting previously unselected package libidn11:armhf.
Unpacking libidn11:armhf (from .../libidn11_1.25-2_armhf.deb) ...
Selecting previously unselected package libnewt0.52.
Unpacking libnewt0.52 (from .../libnewt0.52_0.52.11-2ubuntu11_armhf.deb) ...
Selecting previously unselected package libnfnetlink0.
Unpacking libnfnetlink0 (from .../libnfnetlink0_1.0.0-1build1_armhf.deb) ...
Selecting previously unselected package libpipeline1:armhf.
Unpacking libpipeline1:armhf (from .../libpipeline1_1.2.2-1_armhf.deb) ...
Selecting previously unselected package libpopt0:armhf.
Unpacking libpopt0:armhf (from .../libpopt0_1.16-7ubuntu2_armhf.deb) ...
Selecting previously unselected package libreadline6:armhf.
Unpacking libreadline6:armhf (from .../libreadline6_6.2-9_armhf.deb) ...
Selecting previously unselected package libsqlite3-0:armhf.
Unpacking libsqlite3-0:armhf (from .../libsqlite3-0_3.7.13-1_armhf.deb) ...
Selecting previously unselected package libssl1.0.0:armhf.
Unpacking libssl1.0.0:armhf (from .../libssl1.0.0_1.0.1c-3ubuntu2_armhf.deb) ...
Selecting previously unselected package libstdc++6:armhf.
Unpacking libstdc++6:armhf (from .../libstdc++6_4.7.2-2ubuntu1_armhf.deb) ...
Selecting previously unselected package libsysfs2:armhf.
Unpacking libsysfs2:armhf (from .../libsysfs2_2.1.0+repack-1.2_armhf.deb) ...
Selecting previously unselected package libusb-0.1-4:armhf.
Unpacking libusb-0.1-4:armhf (from .../libusb-0.1-4_2%3a0.1.12-23_armhf.deb) ...
Selecting previously unselected package libxapian22.
Unpacking libxapian22 (from .../libxapian22_1.2.12-1_armhf.deb) ...
Selecting previously unselected package locales.
Unpacking locales (from .../locales_2.13+git20120306-3_all.deb) ...
Selecting previously unselected package logrotate.
Unpacking logrotate (from .../logrotate_3.7.8-6ubuntu6_armhf.deb) ...
Selecting previously unselected package man-db.
Unpacking man-db (from .../man-db_2.6.3-1_armhf.deb) ...
Selecting previously unselected package manpages.
Unpacking manpages (from .../manpages_3.40-0.1ubuntu3_all.deb) ...
Selecting previously unselected package mime-support.
Unpacking mime-support (from .../mime-support_3.52-1ubuntu2_all.deb) ...
Selecting previously unselected package nano.
Unpacking nano (from .../nano_2.2.6-1ubuntu1_armhf.deb) ...
Selecting previously unselected package net-tools.
Unpacking net-tools (from .../net-tools_1.60-24.1ubuntu3_armhf.deb) ...
Selecting previously unselected package netbase.
Unpacking netbase (from .../netbase_5.0ubuntu1_all.deb) ...
Selecting previously unselected package python.
Unpacking python (from .../python_2.7.3-0ubuntu7_armhf.deb) ...
Selecting previously unselected package python2.7.
Unpacking python2.7 (from .../python2.7_2.7.3-5ubuntu4_armhf.deb) ...
Selecting previously unselected package readline-common.
Unpacking readline-common (from .../readline-common_6.2-9_all.deb) ...
Selecting previously unselected package rsyslog.
Unpacking rsyslog (from .../rsyslog_5.8.6-1ubuntu9_armhf.deb) ...
Selecting previously unselected package ubuntu-extras-keyring.
Unpacking ubuntu-extras-keyring (from .../ubuntu-extras-keyring_2010.09.27_all.deb) ...
Selecting previously unselected package ubuntu-keyring.
Unpacking ubuntu-keyring (from .../ubuntu-keyring_2012.05.19_all.deb) ...
Selecting previously unselected package ucf.
Unpacking ucf (from .../ucf_3.0025+nmu3_all.deb) ...
Moving old data out of the way
Selecting previously unselected package vim-common.
Unpacking vim-common (from .../vim-common_2%3a7.3.547-4ubuntu1_armhf.deb) ...
Selecting previously unselected package vim-tiny.
Unpacking vim-tiny (from .../vim-tiny_2%3a7.3.547-4ubuntu1_armhf.deb) ...
Selecting previously unselected package wget.
Unpacking wget (from .../wget_1.13.4-3ubuntu1_armhf.deb) ...
Selecting previously unselected package whiptail.
Unpacking whiptail (from .../whiptail_0.52.11-2ubuntu11_armhf.deb) ...
Processing triggers for ureadahead ...
Setting up libsysfs2:armhf (2.1.0+repack-1.2) ...
Setting up libssl1.0.0:armhf (1.0.1c-3ubuntu2) ...
Setting up libgdbm3:armhf (1.8.3-11) ...
Setting up isc-dhcp-common (4.2.4-1ubuntu10) ...
Setting up libpopt0:armhf (1.16-7ubuntu2) ...
Setting up libusb-0.1-4:armhf (2:0.1.12-23) ...
Setting up ucf (3.0025+nmu3) ...
Setting up install-info (4.13a.dfsg.1-10ubuntu2) ...
Setting up libgudev-1.0-0:armhf (1:175-0ubuntu13) ...
Setting up vim-common (2:7.3.547-4ubuntu1) ...
Setting up netbase (5.0ubuntu1) ...
Setting up locales (2.13+git20120306-3) ...
Setting up manpages (3.40-0.1ubuntu3) ...
Setting up libsqlite3-0:armhf (3.7.13-1) ...
Setting up libexpat1:armhf (2.1.0-1ubuntu1) ...
Setting up libidn11:armhf (1.25-2) ...
Setting up wget (1.13.4-3ubuntu1) ...
Setting up libnewt0.52 (0.52.11-2ubuntu11) ...
update-alternatives: using /etc/newt/palette.ubuntu to provide /etc/newt/palette (newt-palette) in auto mode
Setting up net-tools (1.60-24.1ubuntu3) ...
Setting up debconf-i18n (1.5.46ubuntu1) ...
Setting up libpipeline1:armhf (1.2.2-1) ...
Setting up bsdmainutils (9.0.3ubuntu1) ...
update-alternatives: using /usr/bin/bsd-write to provide /usr/bin/write (write) in auto mode
update-alternatives: using /usr/bin/bsd-from to provide /usr/bin/from (from) in auto mode
Setting up ubuntu-keyring (2012.05.19) ...
gpg: /etc/apt//trustdb.gpg: trustdb created
gpg: key 437D05B5: public key "Ubuntu Archive Automatic Signing Key <ftpmaster@ubuntu.com>" imported
gpg: key FBB75451: public key "Ubuntu CD Image Automatic Signing Key <cdimage@ubuntu.com>" imported
gpg: key C0B21F32: public key "Ubuntu Archive Automatic Signing Key (2012) <ftpmaster@ubuntu.com>" imported
gpg: key EFE21092: public key "Ubuntu CD Image Automatic Signing Key (2012) <cdimage@ubuntu.com>" imported
gpg: Total number processed: 4
gpg:               imported: 4  (RSA: 2)
gpg: no ultimately trusted keys found
Setting up info (4.13a.dfsg.1-10ubuntu2) ...
update-alternatives: using /usr/bin/info to provide /usr/bin/infobrowser (infobrowser) in auto mode
Setting up iputils-ping (3:20101006-3ubuntu1) ...
Setting up mime-support (3.52-1ubuntu2) ...
update-alternatives: using /usr/bin/see to provide /usr/bin/view (view) in auto mode
Setting up cron (3.0pl1-121ubuntu1) ...
Adding group `crontab' (GID 102) ...
Done.
dpkg: warning: version '
initctl' has bad syntax: version number does not start with digit
Setting up nano (2.2.6-1ubuntu1) ...
update-alternatives: using /bin/nano to provide /usr/bin/editor (editor) in auto mode
update-alternatives: using /bin/nano to provide /usr/bin/pico (pico) in auto mode
Setting up rsyslog (5.8.6-1ubuntu9) ...

Creating config file /etc/rsyslog.d/50-default.conf with new version
dpkg: warning: version '
initctl' has bad syntax: version number does not start with digit
Setting up libstdc++6:armhf (4.7.2-2ubuntu1) ...
Setting up isc-dhcp-client (4.2.4-1ubuntu10) ...
Setting up vim-tiny (2:7.3.547-4ubuntu1) ...
update-alternatives: using /usr/bin/vim.tiny to provide /usr/bin/rview (rview) in auto mode
update-alternatives: using /usr/bin/vim.tiny to provide /usr/bin/vi (vi) in auto mode
update-alternatives: using /usr/bin/vim.tiny to provide /usr/bin/view (view) in auto mode
update-alternatives: using /usr/bin/vim.tiny to provide /usr/bin/ex (ex) in auto mode
Setting up readline-common (6.2-9) ...
Setting up libnfnetlink0 (1.0.0-1build1) ...
Setting up libxapian22 (1.2.12-1) ...
Setting up whiptail (0.52.11-2ubuntu11) ...
Setting up libapt-pkg4.12:armhf (0.9.7.5ubuntu5) ...
Setting up libept1.4.12 (1.0.9) ...
Setting up libapt-inst1.5:armhf (0.9.7.5ubuntu5) ...
Setting up libreadline6:armhf (6.2-9) ...
Setting up groff-base (1.21-9) ...
Setting up apt-utils (0.9.7.5ubuntu5) ...
Setting up iptables (1.4.12-2ubuntu2) ...
Setting up gpgv (1.4.11-3ubuntu4) ...
Setting up man-db (2.6.3-1) ...
Building database of manual pages ...
Setting up python2.7 (2.7.3-5ubuntu4) ...
Setting up gnupg (1.4.11-3ubuntu4) ...
Setting up apt (0.9.7.5ubuntu5) ...
gpg: key 437D05B5: "Ubuntu Archive Automatic Signing Key <ftpmaster@ubuntu.com>" not changed
gpg: key FBB75451: "Ubuntu CD Image Automatic Signing Key <cdimage@ubuntu.com>" not changed
gpg: key C0B21F32: "Ubuntu Archive Automatic Signing Key (2012) <ftpmaster@ubuntu.com>" not changed
gpg: key EFE21092: "Ubuntu CD Image Automatic Signing Key (2012) <cdimage@ubuntu.com>" not changed
gpg: Total number processed: 4
gpg:              unchanged: 4
Setting up python (2.7.3-0ubuntu7) ...
Setting up ubuntu-extras-keyring (2010.09.27) ...
Importing extras.ubuntu.com keyring
OK
Processing extras.ubuntu.com removal keyring
OK
Processing triggers for ureadahead ...
Setting up logrotate (3.7.8-6ubuntu6) ...
Processing triggers for libc-bin ...
ldconfig deferred processing now taking place
